# JRE version: OpenJDK Runtime Environment (8.0_141-b15) (build 1.8.0_141-8u141-b15-1~deb9u1-b15)
# Java VM: OpenJDK 64-Bit Server VM (25.141-b15 mixed mode linux-amd64 compressed oops)
Heap:
 PSYoungGen      total 563200K, used 31368K [0x0000000718b80000, 0x000000073f900000, 0x00000007c0000000)
  eden space 525312K, 0% used [0x0000000718b80000,0x0000000718b80000,0x0000000738c80000)
  from space 37888K, 82% used [0x000000073b400000,0x000000073d2a2140,0x000000073d900000)
  to   space 40448K, 0% used [0x0000000738c80000,0x0000000738c80000,0x000000073b400000)
 ParOldGen       total 266240K, used 47691K [0x00000005ca200000, 0x00000005da600000, 0x0000000718b80000)
  object space 266240K, 17% used [0x00000005ca200000,0x00000005cd092e48,0x00000005da600000)
 Metaspace       used 57189K, capacity 58961K, committed 59096K, reserved 1101824K
  class space    used 6707K, capacity 7079K, committed 7168K, reserved 1048576K
GC Heap History (10 events):
Event: 4.267 GC heap after
Heap after GC invocations=6 (full 1):
 PSYoungGen      total 226304K, used 13085K [0x0000000718b80000, 0x0000000731c00000, 0x00000007c0000000)
  eden space 205312K, 0% used [0x0000000718b80000,0x0000000718b80000,0x0000000725400000)
  from space 20992K, 62% used [0x0000000725400000,0x00000007260c7770,0x0000000726880000)
  to   space 23040K, 0% used [0x0000000730580000,0x0000000730580000,0x0000000731c00000)
 ParOldGen       total 192512K, used 9607K [0x00000005ca200000, 0x00000005d5e00000, 0x0000000718b80000)
  object space 192512K, 4% used [0x00000005ca200000,0x00000005cab61c70,0x00000005d5e00000)
 Metaspace       used 34784K, capacity 35226K, committed 35456K, reserved 1081344K
  class space    used 4284K, capacity 4464K, committed 4480K, reserved 1048576K
}
Event: 4.267 GC heap before
{Heap before GC invocations=7 (full 2):
 PSYoungGen      total 226304K, used 13085K [0x0000000718b80000, 0x0000000731c00000, 0x00000007c0000000)
  eden space 205312K, 0% used [0x0000000718b80000,0x0000000718b80000,0x0000000725400000)
  from space 20992K, 62% used [0x0000000725400000,0x00000007260c7770,0x0000000726880000)
  to   space 23040K, 0% used [0x0000000730580000,0x0000000730580000,0x0000000731c00000)
 ParOldGen       total 192512K, used 9607K [0x00000005ca200000, 0x00000005d5e00000, 0x0000000718b80000)
  object space 192512K, 4% used [0x00000005ca200000,0x00000005cab61c70,0x00000005d5e00000)
 Metaspace       used 34784K, capacity 35226K, committed 35456K, reserved 1081344K
  class space    used 4284K, capacity 4464K, committed 4480K, reserved 1048576K
Event: 4.319 GC heap after
Heap after GC invocations=7 (full 2):
 PSYoungGen      total 226304K, used 0K [0x0000000718b80000, 0x0000000731c00000, 0x00000007c0000000)
  eden space 205312K, 0% used [0x0000000718b80000,0x0000000718b80000,0x0000000725400000)
  from space 20992K, 0% used [0x0000000725400000,0x0000000725400000,0x0000000726880000)
  to   space 23040K, 0% used [0x0000000730580000,0x0000000730580000,0x0000000731c00000)
 ParOldGen       total 266240K, used 21222K [0x00000005ca200000, 0x00000005da600000, 0x0000000718b80000)
  object space 266240K, 7% used [0x00000005ca200000,0x00000005cb6b9b58,0x00000005da600000)
 Metaspace       used 34784K, capacity 35226K, committed 35456K, reserved 1081344K
  class space    used 4284K, capacity 4464K, committed 4480K, reserved 1048576K
}
Event: 5.524 GC heap before
{Heap before GC invocations=8 (full 2):
 PSYoungGen      total 226304K, used 205312K [0x0000000718b80000, 0x0000000731c00000, 0x00000007c0000000)
  eden space 205312K, 100% used [0x0000000718b80000,0x0000000725400000,0x0000000725400000)
  from space 20992K, 0% used [0x0000000725400000,0x0000000725400000,0x0000000726880000)
  to   space 23040K, 0% used [0x0000000730580000,0x0000000730580000,0x0000000731c00000)
 ParOldGen       total 266240K, used 21222K [0x00000005ca200000, 0x00000005da600000, 0x0000000718b80000)
  object space 266240K, 7% used [0x00000005ca200000,0x00000005cb6b9b58,0x00000005da600000)
 Metaspace       used 42086K, capacity 42885K, committed 43136K, reserved 1087488K
  class space    used 5161K, capacity 5396K, committed 5504K, reserved 1048576K
Event: 5.539 GC heap after
Heap after GC invocations=8 (full 2):
 PSYoungGen      total 347648K, used 14996K [0x0000000718b80000, 0x0000000731480000, 0x00000007c0000000)
  eden space 332288K, 0% used [0x0000000718b80000,0x0000000718b80000,0x000000072d000000)
  from space 15360K, 97% used [0x0000000730580000,0x00000007314250d0,0x0000000731480000)
  to   space 22016K, 0% used [0x000000072e980000,0x000000072e980000,0x000000072ff00000)
 ParOldGen       total 266240K, used 21441K [0x00000005ca200000, 0x00000005da600000, 0x0000000718b80000)
  object space 266240K, 8% used [0x00000005ca200000,0x00000005cb6f06f8,0x00000005da600000)
 Metaspace       used 42086K, capacity 42885K, committed 43136K, reserved 1087488K
  class space    used 5161K, capacity 5396K, committed 5504K, reserved 1048576K
}
Event: 7.366 GC heap before
{Heap before GC invocations=9 (full 2):
 PSYoungGen      total 347648K, used 347284K [0x0000000718b80000, 0x0000000731480000, 0x00000007c0000000)
  eden space 332288K, 100% used [0x0000000718b80000,0x000000072d000000,0x000000072d000000)
  from space 15360K, 97% used [0x0000000730580000,0x00000007314250d0,0x0000000731480000)
  to   space 22016K, 0% used [0x000000072e980000,0x000000072e980000,0x000000072ff00000)
 ParOldGen       total 266240K, used 21441K [0x00000005ca200000, 0x00000005da600000, 0x0000000718b80000)
  object space 266240K, 8% used [0x00000005ca200000,0x00000005cb6f06f8,0x00000005da600000)
 Metaspace       used 51173K, capacity 52335K, committed 52480K, reserved 1095680K
  class space    used 6027K, capacity 6311K, committed 6400K, reserved 1048576K
Event: 7.397 GC heap after
Heap after GC invocations=9 (full 2):
 PSYoungGen      total 380416K, used 22012K [0x0000000718b80000, 0x000000073d900000, 0x00000007c0000000)
  eden space 358400K, 0% used [0x0000000718b80000,0x0000000718b80000,0x000000072e980000)
  from space 22016K, 99% used [0x000000072e980000,0x000000072feff3d0,0x000000072ff00000)
  to   space 37888K, 0% used [0x000000073b400000,0x000000073b400000,0x000000073d900000)
 ParOldGen       total 266240K, used 47683K [0x00000005ca200000, 0x00000005da600000, 0x0000000718b80000)
  object space 266240K, 17% used [0x00000005ca200000,0x00000005cd090e48,0x00000005da600000)
 Metaspace       used 51173K, capacity 52335K, committed 52480K, reserved 1095680K
  class space    used 6027K, capacity 6311K, committed 6400K, reserved 1048576K
}
Event: 8.596 GC heap before
{Heap before GC invocations=10 (full 2):
 PSYoungGen      total 380416K, used 176319K [0x0000000718b80000, 0x000000073d900000, 0x00000007c0000000)
  eden space 358400K, 43% used [0x0000000718b80000,0x0000000722230ac8,0x000000072e980000)
  from space 22016K, 99% used [0x000000072e980000,0x000000072feff3d0,0x000000072ff00000)
  to   space 37888K, 0% used [0x000000073b400000,0x000000073b400000,0x000000073d900000)
 ParOldGen       total 266240K, used 47683K [0x00000005ca200000, 0x00000005da600000, 0x0000000718b80000)
  object space 266240K, 17% used [0x00000005ca200000,0x00000005cd090e48,0x00000005da600000)
 Metaspace       used 57189K, capacity 58961K, committed 59096K, reserved 1101824K
  class space    used 6707K, capacity 7079K, committed 7168K, reserved 1048576K
Event: 8.610 GC heap after
Heap after GC invocations=10 (full 2):
 PSYoungGen      total 563200K, used 31368K [0x0000000718b80000, 0x000000073f900000, 0x00000007c0000000)
  eden space 525312K, 0% used [0x0000000718b80000,0x0000000718b80000,0x0000000738c80000)
  from space 37888K, 82% used [0x000000073b400000,0x000000073d2a2140,0x000000073d900000)
  to   space 40448K, 0% used [0x0000000738c80000,0x0000000738c80000,0x000000073b400000)
 ParOldGen       total 266240K, used 47691K [0x00000005ca200000, 0x00000005da600000, 0x0000000718b80000)
  object space 266240K, 17% used [0x00000005ca200000,0x00000005cd092e48,0x00000005da600000)
 Metaspace       used 57189K, capacity 58961K, committed 59096K, reserved 1101824K
  class space    used 6707K, capacity 7079K, committed 7168K, reserved 1048576K
}
Event: 8.610 GC heap before
{Heap before GC invocations=11 (full 3):
 PSYoungGen      total 563200K, used 31368K [0x0000000718b80000, 0x000000073f900000, 0x00000007c0000000)
  eden space 525312K, 0% used [0x0000000718b80000,0x0000000718b80000,0x0000000738c80000)
  from space 37888K, 82% used [0x000000073b400000,0x000000073d2a2140,0x000000073d900000)
  to   space 40448K, 0% used [0x0000000738c80000,0x0000000738c80000,0x000000073b400000)
 ParOldGen       total 266240K, used 47691K [0x00000005ca200000, 0x00000005da600000, 0x0000000718b80000)
  object space 266240K, 17% used [0x00000005ca200000,0x00000005cd092e48,0x00000005da600000)
 Metaspace       used 57189K, capacity 58961K, committed 59096K, reserved 1101824K
  class space    used 6707K, capacity 7079K, committed 7168K, reserved 1048576K

