# JRE version: OpenJDK Runtime Environment (8.0_141-b15) (build 1.8.0_141-8u141-b15-1~deb9u1-b15)
# Java VM: OpenJDK 64-Bit Server VM (25.141-b15 mixed mode linux-amd64 compressed oops)
Heap:
 PSYoungGen      total 150016K, used 137354K [0x0000000718b80000, 0x0000000723280000, 0x00000007c0000000)
  eden space 129024K, 100% used [0x0000000718b80000,0x0000000720980000,0x0000000720980000)
  from space 20992K, 39% used [0x0000000720980000,0x00000007211a2908,0x0000000721e00000)
  to   space 20992K, 37% used [0x0000000721e00000,0x00000007225c6400,0x0000000723280000)
 ParOldGen       total 343040K, used 88K [0x00000005ca200000, 0x00000005df100000, 0x0000000718b80000)
  object space 343040K, 0% used [0x00000005ca200000,0x00000005ca216010,0x00000005df100000)
 Metaspace       used 16543K, capacity 16914K, committed 17152K, reserved 1064960K
  class space    used 1939K, capacity 2042K, committed 2048K, reserved 1048576K
GC Heap History (3 events):
Event: 3.237 GC heap before
{Heap before GC invocations=1 (full 0):
 PSYoungGen      total 150016K, used 129024K [0x0000000718b80000, 0x0000000723280000, 0x00000007c0000000)
  eden space 129024K, 100% used [0x0000000718b80000,0x0000000720980000,0x0000000720980000)
  from space 20992K, 0% used [0x0000000721e00000,0x0000000721e00000,0x0000000723280000)
  to   space 20992K, 0% used [0x0000000720980000,0x0000000720980000,0x0000000721e00000)
 ParOldGen       total 343040K, used 0K [0x00000005ca200000, 0x00000005df100000, 0x0000000718b80000)
  object space 343040K, 0% used [0x00000005ca200000,0x00000005ca200000,0x00000005df100000)
 Metaspace       used 16323K, capacity 16682K, committed 16896K, reserved 1064960K
  class space    used 1928K, capacity 2036K, committed 2048K, reserved 1048576K
Event: 3.242 GC heap after
Heap after GC invocations=1 (full 0):
 PSYoungGen      total 150016K, used 8330K [0x0000000718b80000, 0x0000000723280000, 0x00000007c0000000)
  eden space 129024K, 0% used [0x0000000718b80000,0x0000000718b80000,0x0000000720980000)
  from space 20992K, 39% used [0x0000000720980000,0x00000007211a2908,0x0000000721e00000)
  to   space 20992K, 0% used [0x0000000721e00000,0x0000000721e00000,0x0000000723280000)
 ParOldGen       total 343040K, used 80K [0x00000005ca200000, 0x00000005df100000, 0x0000000718b80000)
  object space 343040K, 0% used [0x00000005ca200000,0x00000005ca214010,0x00000005df100000)
 Metaspace       used 16323K, capacity 16682K, committed 16896K, reserved 1064960K
  class space    used 1928K, capacity 2036K, committed 2048K, reserved 1048576K
}
Event: 4.380 GC heap before
{Heap before GC invocations=2 (full 0):
 PSYoungGen      total 150016K, used 137354K [0x0000000718b80000, 0x0000000723280000, 0x00000007c0000000)
  eden space 129024K, 100% used [0x0000000718b80000,0x0000000720980000,0x0000000720980000)
  from space 20992K, 39% used [0x0000000720980000,0x00000007211a2908,0x0000000721e00000)
  to   space 20992K, 0% used [0x0000000721e00000,0x0000000721e00000,0x0000000723280000)
 ParOldGen       total 343040K, used 80K [0x00000005ca200000, 0x00000005df100000, 0x0000000718b80000)
  object space 343040K, 0% used [0x00000005ca200000,0x00000005ca214010,0x00000005df100000)
 Metaspace       used 16543K, capacity 16914K, committed 17152K, reserved 1064960K
  class space    used 1939K, capacity 2042K, committed 2048K, reserved 1048576K

